<?xml version="1.0" encoding="UTF-8"?>
<testng-results skipped="0" failed="0" ignored="0" total="2" passed="2">
  <reporter-output>
  </reporter-output>
  <suite name="Suite" duration-ms="60025" started-at="2019-03-10T22:49:59Z" finished-at="2019-03-10T22:50:59Z">
    <groups>
    </groups>
    <test name="Spring 7 UI" duration-ms="60025" started-at="2019-03-10T22:49:59Z" finished-at="2019-03-10T22:50:59Z">
      <class name="com.SpringSeven.qa.testcases.initialPageTest">
        <test-method status="PASS" signature="setUp()[pri:0, instance:com.SpringSeven.qa.testcases.initialPageTest@3f3afe78]" name="setUp" is-config="true" duration-ms="28300" started-at="2019-03-10T22:50:00Z" finished-at="2019-03-10T22:50:28Z">
          <reporter-output>
          </reporter-output>
        </test-method> <!-- setUp -->
        <test-method status="PASS" signature="validateCorrectPageForLogin()[pri:0, instance:com.SpringSeven.qa.testcases.initialPageTest@3f3afe78]" name="validateCorrectPageForLogin" duration-ms="4977" started-at="2019-03-10T22:50:28Z" finished-at="2019-03-10T22:50:33Z">
          <reporter-output>
          </reporter-output>
        </test-method> <!-- validateCorrectPageForLogin -->
        <test-method status="PASS" signature="tearDown()[pri:0, instance:com.SpringSeven.qa.testcases.initialPageTest@3f3afe78]" name="tearDown" is-config="true" duration-ms="246" started-at="2019-03-10T22:50:33Z" finished-at="2019-03-10T22:50:33Z">
          <reporter-output>
          </reporter-output>
        </test-method> <!-- tearDown -->
        <test-method status="PASS" signature="setUp()[pri:0, instance:com.SpringSeven.qa.testcases.initialPageTest@3f3afe78]" name="setUp" is-config="true" duration-ms="24931" started-at="2019-03-10T22:50:33Z" finished-at="2019-03-10T22:50:58Z">
          <reporter-output>
          </reporter-output>
        </test-method> <!-- setUp -->
        <test-method status="PASS" signature="validateLoginLinkOnLogin()[pri:0, instance:com.SpringSeven.qa.testcases.initialPageTest@3f3afe78]" name="validateLoginLinkOnLogin" duration-ms="947" started-at="2019-03-10T22:50:58Z" finished-at="2019-03-10T22:50:59Z">
          <reporter-output>
          </reporter-output>
        </test-method> <!-- validateLoginLinkOnLogin -->
        <test-method status="PASS" signature="tearDown()[pri:0, instance:com.SpringSeven.qa.testcases.initialPageTest@3f3afe78]" name="tearDown" is-config="true" duration-ms="315" started-at="2019-03-10T22:50:59Z" finished-at="2019-03-10T22:50:59Z">
          <reporter-output>
          </reporter-output>
        </test-method> <!-- tearDown -->
      </class> <!-- com.SpringSeven.qa.testcases.initialPageTest -->
    </test> <!-- Spring 7 UI -->
  </suite> <!-- Suite -->
</testng-results>
