<?xml version="1.0" encoding="UTF-8"?>
<!-- Generated by org.testng.reporters.JUnitXMLReporter -->
<testsuite hostname="jarcibal-VirtualBox" ignored="0" name="Default test" tests="4" failures="0" timestamp="13 Jun 2019 09:43:05 GMT" time="174.796" errors="0">
  <testcase name="validateEditProfilePageTitle" time="0.048" classname="com.SpringSeven.qa.testcases.editProfilePageTest"/>
  <testcase name="validateEditProfileUpdateName" time="6.434" classname="com.SpringSeven.qa.testcases.editProfilePageTest"/>
  <testcase name="validateUpdateAddressLineOneBlankError" time="1.446" classname="com.SpringSeven.qa.testcases.editProfilePageTest"/>
  <testcase name="validateUpdateBirthDate" time="7.838" classname="com.SpringSeven.qa.testcases.editProfilePageTest"/>
</testsuite> <!-- Default test -->
