<?xml version="1.0" encoding="UTF-8"?>
<!-- Generated by org.testng.reporters.JUnitXMLReporter -->
<testsuite hostname="jarcibal-VirtualBox" ignored="0" name="Default test" tests="15" failures="0" timestamp="09 May 2019 06:56:58 GMT" time="626.168" errors="0">
  <testcase name="validateBelow18" time="3.971" classname="com.SpringSeven.qa.testcases.completeRegistrationTest"/>
  <testcase name="validateBlankDOB" time="3.009" classname="com.SpringSeven.qa.testcases.completeRegistrationTest"/>
  <testcase name="validateBlankFirstName" time="4.148" classname="com.SpringSeven.qa.testcases.completeRegistrationTest"/>
  <testcase name="validateBlankIDType" time="4.469" classname="com.SpringSeven.qa.testcases.completeRegistrationTest"/>
  <testcase name="validateBlankImage" time="3.181" classname="com.SpringSeven.qa.testcases.completeRegistrationTest"/>
  <testcase name="validateBlankLastName" time="3.546" classname="com.SpringSeven.qa.testcases.completeRegistrationTest"/>
  <testcase name="validateBlankUsername" time="4.425" classname="com.SpringSeven.qa.testcases.completeRegistrationTest"/>
  <testcase name="validateCompleteRegistrationPageTitle" time="0.585" classname="com.SpringSeven.qa.testcases.completeRegistrationTest"/>
  <testcase name="validateExistingUsername" time="7.139" classname="com.SpringSeven.qa.testcases.completeRegistrationTest"/>
  <testcase name="validateInvalidDOBOne" time="6.39" classname="com.SpringSeven.qa.testcases.completeRegistrationTest"/>
  <testcase name="validateInvalidDOBThree" time="5.146" classname="com.SpringSeven.qa.testcases.completeRegistrationTest"/>
  <testcase name="validateInvalidDOBTwo" time="5.482" classname="com.SpringSeven.qa.testcases.completeRegistrationTest"/>
  <testcase name="validateOverage" time="5.044" classname="com.SpringSeven.qa.testcases.completeRegistrationTest"/>
  <testcase name="validateProperInfoOne" time="20.384" classname="com.SpringSeven.qa.testcases.completeRegistrationTest"/>
  <testcase name="validateUniqueUsername" time="6.782" classname="com.SpringSeven.qa.testcases.completeRegistrationTest"/>
</testsuite> <!-- Default test -->
