<?xml version="1.0" encoding="UTF-8"?>
<!-- Generated by org.testng.reporters.JUnitXMLReporter -->
<testsuite hostname="DESKTOP-QVCE6JK" ignored="0" name="Spring 7 UI Firefox" tests="2" failures="0" timestamp="20 Feb 2019 10:35:06 GMT" time="27.902" errors="0">
  <testcase name="validateCorrectPageForLogin" time="1.37" classname="com.SpringSeven.qa.testcases.initialPageTest"/>
  <testcase name="validateLoginLinkOnLogin" time="0.11" classname="com.SpringSeven.qa.testcases.initialPageTest"/>
</testsuite> <!-- Spring 7 UI Firefox -->
