<?xml version="1.0" encoding="UTF-8"?>
<!-- Generated by org.testng.reporters.JUnitXMLReporter -->
<testsuite hostname="jarcibal-VirtualBox" ignored="0" name="Spring 7 UI" tests="4" failures="0" timestamp="03 May 2019 05:43:33 GMT" time="116.327" errors="0">
  <testcase name="verifyHomepageHeader" time="0.143" classname="com.SpringSeven.qa.testcases.homePageTest"/>
  <testcase name="verifyLogout" time="0.973" classname="com.SpringSeven.qa.testcases.homePageTest"/>
  <testcase name="verifySwapooFooterIcon" time="0.493" classname="com.SpringSeven.qa.testcases.homePageTest"/>
  <testcase name="verifySwapooHeaderIcon" time="0.588" classname="com.SpringSeven.qa.testcases.homePageTest"/>
</testsuite> <!-- Spring 7 UI -->
