<?xml version="1.0" encoding="UTF-8"?>
<!-- Generated by org.testng.reporters.JUnitXMLReporter -->
<testsuite hostname="jarcibal-VirtualBox" ignored="0" name="Spring 7 UI" tests="7" failures="0" timestamp="15 May 2019 08:15:26 GMT" time="103.032" errors="0">
  <testcase name="validateCorrectPageForLogin" time="1.395" classname="com.SpringSeven.qa.testcases.initialPageTest"/>
  <testcase name="validateLoginLinkOnLogin" time="0.136" classname="com.SpringSeven.qa.testcases.initialPageTest"/>
  <testcase name="validateFpwPageTitle" time="0.053" classname="com.SpringSeven.qa.testcases.forgotPasswordPageTest"/>
  <testcase name="validateIncorrectFormat" time="1.045" classname="com.SpringSeven.qa.testcases.forgotPasswordPageTest"/>
  <testcase name="validateNoEmail" time="0.759" classname="com.SpringSeven.qa.testcases.forgotPasswordPageTest"/>
  <testcase name="validateNonExistingEmail" time="1.947" classname="com.SpringSeven.qa.testcases.forgotPasswordPageTest"/>
  <testcase name="validateUsernameNotEMail" time="1.068" classname="com.SpringSeven.qa.testcases.forgotPasswordPageTest"/>
</testsuite> <!-- Spring 7 UI -->
