<?xml version="1.0" encoding="UTF-8"?>
<testng-results skipped="0" failed="0" ignored="0" total="1" passed="1">
  <reporter-output>
  </reporter-output>
  <suite name="Default suite" duration-ms="21933" started-at="2019-06-04T09:39:32Z" finished-at="2019-06-04T09:39:54Z">
    <groups>
    </groups>
    <test name="Default test" duration-ms="21933" started-at="2019-06-04T09:39:32Z" finished-at="2019-06-04T09:39:54Z">
      <class name="com.SpringSeven.qa.testcases.registrationPageTest">
        <test-method status="PASS" signature="setUp()[pri:0, instance:com.SpringSeven.qa.testcases.registrationPageTest@5bcab519]" name="setUp" is-config="true" duration-ms="19791" started-at="2019-06-04T09:39:33Z" finished-at="2019-06-04T09:39:52Z">
          <reporter-output>
          </reporter-output>
        </test-method> <!-- setUp -->
        <test-method status="PASS" signature="validateRegistrationPageTitle()[pri:0, instance:com.SpringSeven.qa.testcases.registrationPageTest@5bcab519]" name="validateRegistrationPageTitle" duration-ms="165" started-at="2019-06-04T09:39:52Z" finished-at="2019-06-04T09:39:52Z">
          <reporter-output>
          </reporter-output>
        </test-method> <!-- validateRegistrationPageTitle -->
        <test-method status="PASS" signature="tearDown()[pri:0, instance:com.SpringSeven.qa.testcases.registrationPageTest@5bcab519]" name="tearDown" is-config="true" duration-ms="1795" started-at="2019-06-04T09:39:53Z" finished-at="2019-06-04T09:39:54Z">
          <reporter-output>
          </reporter-output>
        </test-method> <!-- tearDown -->
      </class> <!-- com.SpringSeven.qa.testcases.registrationPageTest -->
    </test> <!-- Default test -->
  </suite> <!-- Default suite -->
</testng-results>
