<?xml version="1.0" encoding="UTF-8"?>
<testng-results skipped="0" failed="0" ignored="0" total="9" passed="9">
  <reporter-output>
  </reporter-output>
  <suite name="Default suite" duration-ms="177417" started-at="2019-05-28T15:13:27Z" finished-at="2019-05-28T15:16:24Z">
    <groups>
    </groups>
    <test name="Default test" duration-ms="177417" started-at="2019-05-28T15:13:27Z" finished-at="2019-05-28T15:16:24Z">
      <class name="com.SpringSeven.qa.testcases.forgotPasswordPageTest">
        <test-method status="PASS" signature="setUp()[pri:0, instance:com.SpringSeven.qa.testcases.forgotPasswordPageTest@e45f292]" name="setUp" is-config="true" duration-ms="17260" started-at="2019-05-28T15:13:27Z" finished-at="2019-05-28T15:13:44Z">
          <reporter-output>
          </reporter-output>
        </test-method> <!-- setUp -->
        <test-method status="PASS" signature="validateBlankOTP()[pri:0, instance:com.SpringSeven.qa.testcases.forgotPasswordPageTest@e45f292]" name="validateBlankOTP" duration-ms="6183" started-at="2019-05-28T15:13:44Z" finished-at="2019-05-28T15:13:50Z">
          <reporter-output>
          </reporter-output>
        </test-method> <!-- validateBlankOTP -->
        <test-method status="PASS" signature="tearDown()[pri:0, instance:com.SpringSeven.qa.testcases.forgotPasswordPageTest@e45f292]" name="tearDown" is-config="true" duration-ms="1762" started-at="2019-05-28T15:13:50Z" finished-at="2019-05-28T15:13:52Z">
          <reporter-output>
          </reporter-output>
        </test-method> <!-- tearDown -->
        <test-method status="PASS" signature="setUp()[pri:0, instance:com.SpringSeven.qa.testcases.forgotPasswordPageTest@e45f292]" name="setUp" is-config="true" duration-ms="13162" started-at="2019-05-28T15:13:52Z" finished-at="2019-05-28T15:14:05Z">
          <reporter-output>
          </reporter-output>
        </test-method> <!-- setUp -->
        <test-method status="PASS" signature="validateFpwPageTitle()[pri:0, instance:com.SpringSeven.qa.testcases.forgotPasswordPageTest@e45f292]" name="validateFpwPageTitle" duration-ms="51" started-at="2019-05-28T15:14:05Z" finished-at="2019-05-28T15:14:05Z">
          <reporter-output>
          </reporter-output>
        </test-method> <!-- validateFpwPageTitle -->
        <test-method status="PASS" signature="tearDown()[pri:0, instance:com.SpringSeven.qa.testcases.forgotPasswordPageTest@e45f292]" name="tearDown" is-config="true" duration-ms="1558" started-at="2019-05-28T15:14:05Z" finished-at="2019-05-28T15:14:07Z">
          <reporter-output>
          </reporter-output>
        </test-method> <!-- tearDown -->
        <test-method status="PASS" signature="setUp()[pri:0, instance:com.SpringSeven.qa.testcases.forgotPasswordPageTest@e45f292]" name="setUp" is-config="true" duration-ms="25909" started-at="2019-05-28T15:14:07Z" finished-at="2019-05-28T15:14:33Z">
          <reporter-output>
          </reporter-output>
        </test-method> <!-- setUp -->
        <test-method status="PASS" signature="validateIncorrectFormat()[pri:0, instance:com.SpringSeven.qa.testcases.forgotPasswordPageTest@e45f292]" name="validateIncorrectFormat" duration-ms="1206" started-at="2019-05-28T15:14:33Z" finished-at="2019-05-28T15:14:34Z">
          <reporter-output>
          </reporter-output>
        </test-method> <!-- validateIncorrectFormat -->
        <test-method status="PASS" signature="tearDown()[pri:0, instance:com.SpringSeven.qa.testcases.forgotPasswordPageTest@e45f292]" name="tearDown" is-config="true" duration-ms="2321" started-at="2019-05-28T15:14:34Z" finished-at="2019-05-28T15:14:36Z">
          <reporter-output>
          </reporter-output>
        </test-method> <!-- tearDown -->
        <test-method status="PASS" signature="setUp()[pri:0, instance:com.SpringSeven.qa.testcases.forgotPasswordPageTest@e45f292]" name="setUp" is-config="true" duration-ms="12886" started-at="2019-05-28T15:14:36Z" finished-at="2019-05-28T15:14:49Z">
          <reporter-output>
          </reporter-output>
        </test-method> <!-- setUp -->
        <test-method status="PASS" signature="validateInvalidOTPOne()[pri:0, instance:com.SpringSeven.qa.testcases.forgotPasswordPageTest@e45f292]" name="validateInvalidOTPOne" duration-ms="3448" started-at="2019-05-28T15:14:49Z" finished-at="2019-05-28T15:14:53Z">
          <reporter-output>
          </reporter-output>
        </test-method> <!-- validateInvalidOTPOne -->
        <test-method status="PASS" signature="tearDown()[pri:0, instance:com.SpringSeven.qa.testcases.forgotPasswordPageTest@e45f292]" name="tearDown" is-config="true" duration-ms="1695" started-at="2019-05-28T15:14:53Z" finished-at="2019-05-28T15:14:54Z">
          <reporter-output>
          </reporter-output>
        </test-method> <!-- tearDown -->
        <test-method status="PASS" signature="setUp()[pri:0, instance:com.SpringSeven.qa.testcases.forgotPasswordPageTest@e45f292]" name="setUp" is-config="true" duration-ms="14616" started-at="2019-05-28T15:14:54Z" finished-at="2019-05-28T15:15:09Z">
          <reporter-output>
          </reporter-output>
        </test-method> <!-- setUp -->
        <test-method status="PASS" signature="validateInvalidOTPtWO()[pri:0, instance:com.SpringSeven.qa.testcases.forgotPasswordPageTest@e45f292]" name="validateInvalidOTPtWO" duration-ms="4152" started-at="2019-05-28T15:15:09Z" finished-at="2019-05-28T15:15:13Z">
          <reporter-output>
          </reporter-output>
        </test-method> <!-- validateInvalidOTPtWO -->
        <test-method status="PASS" signature="tearDown()[pri:0, instance:com.SpringSeven.qa.testcases.forgotPasswordPageTest@e45f292]" name="tearDown" is-config="true" duration-ms="1644" started-at="2019-05-28T15:15:13Z" finished-at="2019-05-28T15:15:15Z">
          <reporter-output>
          </reporter-output>
        </test-method> <!-- tearDown -->
        <test-method status="PASS" signature="setUp()[pri:0, instance:com.SpringSeven.qa.testcases.forgotPasswordPageTest@e45f292]" name="setUp" is-config="true" duration-ms="11637" started-at="2019-05-28T15:15:15Z" finished-at="2019-05-28T15:15:26Z">
          <reporter-output>
          </reporter-output>
        </test-method> <!-- setUp -->
        <test-method status="PASS" signature="validateNoEmail()[pri:0, instance:com.SpringSeven.qa.testcases.forgotPasswordPageTest@e45f292]" name="validateNoEmail" duration-ms="972" started-at="2019-05-28T15:15:26Z" finished-at="2019-05-28T15:15:27Z">
          <reporter-output>
          </reporter-output>
        </test-method> <!-- validateNoEmail -->
        <test-method status="PASS" signature="tearDown()[pri:0, instance:com.SpringSeven.qa.testcases.forgotPasswordPageTest@e45f292]" name="tearDown" is-config="true" duration-ms="1637" started-at="2019-05-28T15:15:27Z" finished-at="2019-05-28T15:15:29Z">
          <reporter-output>
          </reporter-output>
        </test-method> <!-- tearDown -->
        <test-method status="PASS" signature="setUp()[pri:0, instance:com.SpringSeven.qa.testcases.forgotPasswordPageTest@e45f292]" name="setUp" is-config="true" duration-ms="13261" started-at="2019-05-28T15:15:29Z" finished-at="2019-05-28T15:15:42Z">
          <reporter-output>
          </reporter-output>
        </test-method> <!-- setUp -->
        <test-method status="PASS" signature="validateNonExistingEmail()[pri:0, instance:com.SpringSeven.qa.testcases.forgotPasswordPageTest@e45f292]" name="validateNonExistingEmail" duration-ms="2717" started-at="2019-05-28T15:15:42Z" finished-at="2019-05-28T15:15:45Z">
          <reporter-output>
          </reporter-output>
        </test-method> <!-- validateNonExistingEmail -->
        <test-method status="PASS" signature="tearDown()[pri:0, instance:com.SpringSeven.qa.testcases.forgotPasswordPageTest@e45f292]" name="tearDown" is-config="true" duration-ms="1746" started-at="2019-05-28T15:15:45Z" finished-at="2019-05-28T15:15:47Z">
          <reporter-output>
          </reporter-output>
        </test-method> <!-- tearDown -->
        <test-method status="PASS" signature="setUp()[pri:0, instance:com.SpringSeven.qa.testcases.forgotPasswordPageTest@e45f292]" name="setUp" is-config="true" duration-ms="17128" started-at="2019-05-28T15:15:47Z" finished-at="2019-05-28T15:16:04Z">
          <reporter-output>
          </reporter-output>
        </test-method> <!-- setUp -->
        <test-method status="PASS" signature="validateUsernameNotEMail()[pri:0, instance:com.SpringSeven.qa.testcases.forgotPasswordPageTest@e45f292]" name="validateUsernameNotEMail" duration-ms="1108" started-at="2019-05-28T15:16:04Z" finished-at="2019-05-28T15:16:05Z">
          <reporter-output>
          </reporter-output>
        </test-method> <!-- validateUsernameNotEMail -->
        <test-method status="PASS" signature="tearDown()[pri:0, instance:com.SpringSeven.qa.testcases.forgotPasswordPageTest@e45f292]" name="tearDown" is-config="true" duration-ms="1577" started-at="2019-05-28T15:16:05Z" finished-at="2019-05-28T15:16:06Z">
          <reporter-output>
          </reporter-output>
        </test-method> <!-- tearDown -->
        <test-method status="PASS" signature="setUp()[pri:0, instance:com.SpringSeven.qa.testcases.forgotPasswordPageTest@e45f292]" name="setUp" is-config="true" duration-ms="13119" started-at="2019-05-28T15:16:06Z" finished-at="2019-05-28T15:16:20Z">
          <reporter-output>
          </reporter-output>
        </test-method> <!-- setUp -->
        <test-method status="PASS" signature="validateWorkingEmail()[pri:0, instance:com.SpringSeven.qa.testcases.forgotPasswordPageTest@e45f292]" name="validateWorkingEmail" duration-ms="2874" started-at="2019-05-28T15:16:20Z" finished-at="2019-05-28T15:16:22Z">
          <reporter-output>
          </reporter-output>
        </test-method> <!-- validateWorkingEmail -->
        <test-method status="PASS" signature="tearDown()[pri:0, instance:com.SpringSeven.qa.testcases.forgotPasswordPageTest@e45f292]" name="tearDown" is-config="true" duration-ms="1586" started-at="2019-05-28T15:16:22Z" finished-at="2019-05-28T15:16:24Z">
          <reporter-output>
          </reporter-output>
        </test-method> <!-- tearDown -->
      </class> <!-- com.SpringSeven.qa.testcases.forgotPasswordPageTest -->
    </test> <!-- Default test -->
  </suite> <!-- Default suite -->
</testng-results>
