<?xml version="1.0" encoding="UTF-8"?>
<testng-results skipped="0" failed="0" ignored="0" total="2" passed="2">
  <reporter-output>
  </reporter-output>
  <suite name="Suite" duration-ms="75886" started-at="2019-03-10T22:49:59Z" finished-at="2019-03-10T22:51:15Z">
    <groups>
    </groups>
    <test name="Spring 7 UI" duration-ms="75886" started-at="2019-03-10T22:49:59Z" finished-at="2019-03-10T22:51:15Z">
      <class name="com.SpringSeven.qa.testcases.initialPageTest">
        <test-method status="PASS" signature="setUp()[pri:0, instance:com.SpringSeven.qa.testcases.initialPageTest@3f3afe78]" name="setUp" is-config="true" duration-ms="41478" started-at="2019-03-10T22:50:00Z" finished-at="2019-03-10T22:50:41Z">
          <reporter-output>
          </reporter-output>
        </test-method> <!-- setUp -->
        <test-method status="PASS" signature="validateCorrectPageForLogin()[pri:0, instance:com.SpringSeven.qa.testcases.initialPageTest@3f3afe78]" name="validateCorrectPageForLogin" duration-ms="7301" started-at="2019-03-10T22:50:41Z" finished-at="2019-03-10T22:50:49Z">
          <reporter-output>
          </reporter-output>
        </test-method> <!-- validateCorrectPageForLogin -->
        <test-method status="PASS" signature="tearDown()[pri:0, instance:com.SpringSeven.qa.testcases.initialPageTest@3f3afe78]" name="tearDown" is-config="true" duration-ms="6668" started-at="2019-03-10T22:50:49Z" finished-at="2019-03-10T22:50:55Z">
          <reporter-output>
          </reporter-output>
        </test-method> <!-- tearDown -->
        <test-method status="PASS" signature="setUp()[pri:0, instance:com.SpringSeven.qa.testcases.initialPageTest@3f3afe78]" name="setUp" is-config="true" duration-ms="18392" started-at="2019-03-10T22:50:55Z" finished-at="2019-03-10T22:51:14Z">
          <reporter-output>
          </reporter-output>
        </test-method> <!-- setUp -->
        <test-method status="PASS" signature="validateLoginLinkOnLogin()[pri:0, instance:com.SpringSeven.qa.testcases.initialPageTest@3f3afe78]" name="validateLoginLinkOnLogin" duration-ms="229" started-at="2019-03-10T22:51:14Z" finished-at="2019-03-10T22:51:14Z">
          <reporter-output>
          </reporter-output>
        </test-method> <!-- validateLoginLinkOnLogin -->
        <test-method status="PASS" signature="tearDown()[pri:0, instance:com.SpringSeven.qa.testcases.initialPageTest@3f3afe78]" name="tearDown" is-config="true" duration-ms="1414" started-at="2019-03-10T22:51:14Z" finished-at="2019-03-10T22:51:15Z">
          <reporter-output>
          </reporter-output>
        </test-method> <!-- tearDown -->
      </class> <!-- com.SpringSeven.qa.testcases.initialPageTest -->
    </test> <!-- Spring 7 UI -->
  </suite> <!-- Suite -->
</testng-results>
